#! /usr/bin/vvp
:ivl_version "10.1 (stable)" "(v10_1)";
:ivl_delay_selection "TYPICAL";
:vpi_time_precision + 0;
:vpi_module "system";
:vpi_module "vhdl_sys";
:vpi_module "v2005_math";
:vpi_module "va_math";
S_0x2144350 .scope module, "Schematic3_24" "Schematic3_24" 2 6;
 .timescale 0 0;
    .port_info 0 /INPUT 1 "A"
    .port_info 1 /INPUT 1 "B"
    .port_info 2 /INPUT 1 "C"
    .port_info 3 /INPUT 1 "D"
    .port_info 4 /INPUT 1 "E"
    .port_info 5 /INPUT 1 "Eb"
    .port_info 6 /OUTPUT 1 "F"
o0x7f0348efd018 .functor BUFZ 1, C4<z>; HiZ drive
o0x7f0348efd048 .functor BUFZ 1, C4<z>; HiZ drive
L_0x2165360 .functor NOR 1, o0x7f0348efd018, o0x7f0348efd048, C4<0>, C4<0>;
o0x7f0348efd078 .functor BUFZ 1, C4<z>; HiZ drive
o0x7f0348efd0a8 .functor BUFZ 1, C4<z>; HiZ drive
L_0x2165450 .functor NOR 1, o0x7f0348efd078, o0x7f0348efd0a8, C4<0>, C4<0>;
L_0x2165550 .functor NOT 1, L_0x2165360, C4<0>, C4<0>, C4<0>;
L_0x21655f0 .functor NOT 1, L_0x2165450, C4<0>, C4<0>, C4<0>;
o0x7f0348efd108 .functor BUFZ 1, C4<z>; HiZ drive
L_0x21656b0 .functor NOT 1, o0x7f0348efd108, C4<0>, C4<0>, C4<0>;
L_0x2165780 .functor AND 1, L_0x21656b0, L_0x21655f0, L_0x2165550, C4<1>;
v0x2144710_0 .net "A", 0 0, o0x7f0348efd018;  0 drivers
v0x2164910_0 .net "B", 0 0, o0x7f0348efd048;  0 drivers
v0x21649d0_0 .net "C", 0 0, o0x7f0348efd078;  0 drivers
v0x2164aa0_0 .net "D", 0 0, o0x7f0348efd0a8;  0 drivers
o0x7f0348efd0d8 .functor BUFZ 1, C4<z>; HiZ drive
v0x2164b60_0 .net "E", 0 0, o0x7f0348efd0d8;  0 drivers
v0x2164c70_0 .net "Eb", 0 0, o0x7f0348efd108;  0 drivers
v0x2164d30_0 .net "F", 0 0, L_0x2165780;  1 drivers
v0x2164df0_0 .net "w1", 0 0, L_0x2165360;  1 drivers
v0x2164eb0_0 .net "w2", 0 0, L_0x2165450;  1 drivers
v0x2165000_0 .net "w3", 0 0, L_0x2165550;  1 drivers
v0x21650c0_0 .net "w4", 0 0, L_0x21655f0;  1 drivers
v0x2165180_0 .net "w5", 0 0, L_0x21656b0;  1 drivers
# The file index is used to find the file name in the following table.
:file_names 3;
    "N/A";
    "<interactive>";
    "ex5_sch3-24.v";
